MPASM  5.43                        TIMER0.ASM   5-30-2018  23:30:55         PAGE  1


LOC  OBJECT CODE     LINE SOURCE TEXT
  VALUE

                      00001 ;;;;;;;;;;;;;;;;;;;;;;;;;;;;;;;;;;;;;;;;;;;;;;;;;;;;;
                      00002 
                      00003 ;Eman Karaja
                      00004 
                      00005 ;;;;;;;;;;;;;;;;;;;;;;;;;;;;;;;;;;;;;;;;;;;;;;;;;;;;;
                      00006 
                      00007 
                      00008 
Warning[215]: Processor superseded by command line.  Verify processor symbol.
                      00009         PROCESSOR '16F877A'
                      00010 
                      00011         INCLUDE <P16F877A.INC>
                      00001         LIST
                      00002 
                      00003 ;==========================================================================
                      00004 ;  MPASM PIC16F877A processor include
                      00005 ; 
                      00006 ;  (c) Copyright 1999-2011 Microchip Technology, All rights reserved
                      00007 ;==========================================================================
                      00008 
                      00564         LIST
                      00012 
                      00013 
                      00014 
2007   3F39           00015         __CONFIG _XT_OSC & _WDT_OFF & _PWRTE_OFF & _CP_OFF & _LVP_OFF & _BODEN_OFF
                      00016 
                      00017 
                      00018 ;;--------------------- Variables to carry the multiple of 0.1 sec ------------------------
                      00019 
  00000020            00020 LED1 EQU 0x20 ;DELAY COUNTER: COUNTS THE INTERUPS FROM TMR0
  00000021            00021 LED2 EQU 0x21 ;DELAY COUNTER: COUNTS THE INTERUPS FROM TMR0
  00000022            00022 LED3 EQU 0x22 ;DELAY COUNTER: COUNTS THE INTERUPS FROM TMR0
  00000023            00023 LED4 EQU 0x23 ;DELAY COUNTER: COUNTS THE INTERUPS FROM TMR0
  00000024            00024 LED5 EQU 0x24 ;DELAY COUNTER: COUNTS THE INTERUPS FROM TMR0
  00000025            00025 LED6 EQU 0x25 ;DELAY COUNTER: COUNTS THE INTERUPS FROM TMR0
  00000026            00026 LED7 EQU 0x26 ;DELAY COUNTER: COUNTS THE INTERUPS FROM TMR0
  00000027            00027 LED8 EQU 0x27 ;DELAY COUNTER: COUNTS THE INTERUPS FROM TMR0
  00000028            00028 LED9 EQU 0x28 ;DELAY COUNTER: COUNTS THE INTERUPS FROM TMR0
  00000029            00029 LED10 EQU 0x29 ;DELAY COUNTER: COUNTS THE INTERUPS FROM TMR0
  00000030            00030 LED11 EQU 0x30 ;DELAY COUNTER: COUNTS THE INTERUPS FROM TMR0
  00000031            00031 LED12 EQU 0x31 ;DELAY COUNTER: COUNTS THE INTERUPS FROM TMR0
  00000032            00032 LED13 EQU 0x32 ;DELAY COUNTER: COUNTS THE INTERUPS FROM TMR0
  00000033            00033 LED14 EQU 0x33 ;DELAY COUNTER: COUNTS THE INTERUPS FROM TMR0
  00000034            00034 LED15 EQU 0x34 ;DELAY COUNTER: COUNTS THE INTERUPS FROM TMR0
  00000035            00035 LED16 EQU 0x35 ;DELAY COUNTER: COUNTS THE INTERUPS FROM TMR0
  00000036            00036 LED17 EQU 0x36 ;DELAY COUNTER: COUNTS THE INTERUPS FROM TMR0
  00000037            00037 LED18 EQU 0x37 ;DELAY COUNTER: COUNTS THE INTERUPS FROM TMR0
  00000038            00038 LED19 EQU 0x38 ;DELAY COUNTER: COUNTS THE INTERUPS FROM TMR0
  00000039            00039 LED20 EQU 0x39 ;DELAY COUNTER: COUNTS THE INTERUPS FROM TMR0
                      00040 
  00000040            00041 ACTIVE1 EQU 0x40
  00000041            00042 ACTIVE2 EQU 0x41
  00000042            00043 ACTIVE3 EQU 0x42
MPASM  5.43                        TIMER0.ASM   5-30-2018  23:30:55         PAGE  2


LOC  OBJECT CODE     LINE SOURCE TEXT
  VALUE

                      00044 
                      00045 
                      00046         ORG 0x0000
                      00047 
0000   2???           00048         GOTO INIT
                      00049 
                      00050         ORG 0x0004
                      00051 
0004   2???           00052         GOTO TMR_CNT
                      00053 
                      00054         
                      00055 
0005                  00056 INIT:
                      00057 
0005   1683           00058         BSF STATUS, RP0 ;SELECT BANK 01
                      00059 
0006   30C7           00060         MOVLW B'11000111' ; PSA = 1/256 (THE TIMER WILL COUNT ONCE EVERY 256 CYCLES)
                      00061 
Message[302]: Register in operand not in bank 0.  Ensure that bank bits are correct.
0007   0081           00062         MOVWF OPTION_REG ;AND USE INTERNAL INSTRUCTION CYCLE CLOCK
                      00063 
                      00064 
                      00065 ;-------------- initialize the PORTS as output ---------------------------------------  
0008   3000           00066         MOVLW 0x00
Message[302]: Register in operand not in bank 0.  Ensure that bank bits are correct.
0009   0086           00067         MOVWF TRISB ;SET PB as output
                      00068 
000A   3000           00069         MOVLW 0x00
Message[302]: Register in operand not in bank 0.  Ensure that bank bits are correct.
000B   0087           00070         MOVWF TRISC ;SET PB as output
                      00071 
000C   3000           00072         MOVLW 0x00
Message[302]: Register in operand not in bank 0.  Ensure that bank bits are correct.
000D   0088           00073         MOVWF TRISD ;SET PB as output
                      00074 
                      00075 
000E   1283           00076         BCF STATUS, RP0 ;SELECT BANK 00
                      00077         
                      00078 ;---------------------------------- GIVE THE PORTS value of ZERO ------------------------------
000F   3000           00079         MOVLW 0x00
0010   0086           00080         MOVWF PORTB ;SET PB as 0
                      00081 
0011   3000           00082         MOVLW 0x00
0012   0087           00083         MOVWF PORTC ;SET PB as 0
                      00084 
0013   3000           00085         MOVLW 0x00
0014   0088           00086         MOVWF PORTD ;SET PB as 0
                      00087 
                      00088         
                      00089 ;       MOVLW 0
                      00090         ;MOVWF TMR0 
0015   0181           00091         CLRF TMR0
0016   30E0           00092         MOVLW B'11100000' ;ENABLE TIMER 0 INTERUPT
MPASM  5.43                        TIMER0.ASM   5-30-2018  23:30:55         PAGE  3


LOC  OBJECT CODE     LINE SOURCE TEXT
  VALUE

                      00093 
0017   008B           00094         MOVWF INTCON
                      00095 
                      00096         
                      00097 ;---------- fill the value of each counter  --------------------------------- ------------------
                      00098 
0018   3001           00099         MOVLW 0x01 ;256 * 256 * 15 = ABOUT 1S
                      00100 
0019   00A0           00101         MOVWF LED1 ;SO WE SET THE DELAY COUNTER TO COUNT 15 INTERUPTS
                      00102 
001A   3002           00103         MOVLW 0x02 
                      00104 
001B   00A1           00105         MOVWF LED2 ;SO WE SET THE DELAY COUNTER TO COUNT 15 INTERUPTS
                      00106 
001C   3003           00107         MOVLW 0x03 
                      00108 
001D   00A2           00109         MOVWF LED3 ;SO WE SET THE DELAY COUNTER TO COUNT 15 INTERUPTS
                      00110         
001E   3004           00111         MOVLW 0x04 
                      00112 
001F   00A3           00113         MOVWF LED4 ;SO WE SET THE DELAY COUNTER TO COUNT 15 INTERUPTS
                      00114 
0020   3005           00115         MOVLW 0x05 
                      00116 
0021   00A4           00117         MOVWF LED5 ;SO WE SET THE DELAY COUNTER TO COUNT 15 INTERUPTS
                      00118 
0022   3006           00119         MOVLW 0x06 
                      00120 
0023   00A5           00121         MOVWF LED6 ;SO WE SET THE DELAY COUNTER TO COUNT 15 INTERUPTS
0024   3007           00122         MOVLW 0x07 
                      00123 
0025   00A6           00124         MOVWF LED7 ;SO WE SET THE DELAY COUNTER TO COUNT 15 INTERUPTS
                      00125         
0026   3008           00126         MOVLW 0x08 
                      00127 
0027   00A7           00128         MOVWF LED8 ;SO WE SET THE DELAY COUNTER TO COUNT 15 INTERUPTS
                      00129 
0028   3009           00130         MOVLW 0x09 
                      00131 
0029   00A8           00132         MOVWF LED9 ;SO WE SET THE DELAY COUNTER TO COUNT 15 INTERUPTS
                      00133 
002A   300A           00134         MOVLW 0x0a 
                      00135 
002B   00A9           00136         MOVWF LED10 ;SO WE SET THE DELAY COUNTER TO COUNT 15 INTERUPTS
002C   300B           00137         MOVLW 0x0b 
                      00138 
002D   00B0           00139         MOVWF LED11 ;SO WE SET THE DELAY COUNTER TO COUNT 15 INTERUPTS
                      00140         
002E   300C           00141         MOVLW 0x0c
                      00142 
002F   00B1           00143         MOVWF LED12 ;SO WE SET THE DELAY COUNTER TO COUNT 15 INTERUPTS
                      00144 
0030   300D           00145         MOVLW 0x0d
MPASM  5.43                        TIMER0.ASM   5-30-2018  23:30:55         PAGE  4


LOC  OBJECT CODE     LINE SOURCE TEXT
  VALUE

                      00146 
0031   00B2           00147         MOVWF LED13 ;SO WE SET THE DELAY COUNTER TO COUNT 15 INTERUPTS
                      00148 
0032   300E           00149         MOVLW 0x0e 
                      00150 
0033   00B3           00151         MOVWF LED14 ;SO WE SET THE DELAY COUNTER TO COUNT 15 INTERUPTS
                      00152 
0034   300F           00153         MOVLW 0x0f 
                      00154 
0035   00B4           00155         MOVWF LED15 ;SO WE SET THE DELAY COUNTER TO COUNT 15 INTERUPTS
                      00156 
0036   3010           00157         MOVLW 0x10 
                      00158 
0037   00B5           00159         MOVWF LED16 ;SO WE SET THE DELAY COUNTER TO COUNT 15 INTERUPTS
                      00160 
0038   3011           00161         MOVLW 0x11 
                      00162 
0039   00B6           00163         MOVWF LED17 ;SO WE SET THE DELAY COUNTER TO COUNT 15 INTERUPTS
003A   3012           00164         MOVLW 0x12 
                      00165 
003B   00B7           00166         MOVWF LED18 ;SO WE SET THE DELAY COUNTER TO COUNT 15 INTERUPTS
                      00167         
003C   3013           00168         MOVLW 0x13
                      00169 
003D   00B8           00170         MOVWF LED19 ;SO WE SET THE DELAY COUNTER TO COUNT 15 INTERUPTS
                      00171 
003E   3014           00172         MOVLW 0x14
                      00173 
003F   00B9           00174         MOVWF LED20 ;SO WE SET THE DELAY COUNTER TO COUNT 15 INTERUPTS
                      00175 
                      00176 ;------------ Initialize the ACTIVE ---------------------------------------------------------
0040   30FF           00177         MOVLW 0xff
0041   00C0           00178         MOVWF ACTIVE1 ;SO WE SET THE DELAY COUNTER TO COUNT 15 INTERUPTS
0042   30FF           00179         MOVLW 0xff
0043   00C1           00180         MOVWF ACTIVE2 ;SO WE SET THE DELAY COUNTER TO COUNT 15 INTERUPTS
0044   30FF           00181         MOVLW 0xff
0045   00C2           00182         MOVWF ACTIVE3 ;SO WE SET THE DELAY COUNTER TO COUNT 15 INTERUPTS
                      00183 
                      00184 ;------------------------ MAIN -----------------------------------------------------------------
0046                  00185 MAIN:
                      00186 
0046   2???           00187         GOTO $ ;DO NOTHING, JUST WAIT FOR AN INTERUPT
                      00188 
                      00189         
                      00190 
0047                  00191 TMR_CNT:
                      00192 
0047   138B           00193         BCF INTCON, GIE ;DISABLE ALL INTERUPTS
                      00194 
0048   110B           00195         BCF INTCON, TMR0IF ;CLEAR TMR0 OVERFLOW FLAG
                      00196 
                      00197 
0049                  00198 T1:
MPASM  5.43                        TIMER0.ASM   5-30-2018  23:30:55         PAGE  5


LOC  OBJECT CODE     LINE SOURCE TEXT
  VALUE

Message[305]: Using default destination of 1 (file).
0049   0BA0           00199         DECFSZ LED1 ;WHEN THE DELAY COUNTER BECOMES ZERO(go to CONTINUE of it's zero)
                      00200 
004A   2???           00201         GOTO T2
                      00202 
004B   1806           00203         BTFSC PORTB, 0 ;THEN IF PB0 IS SET
                      00204 
004C   2???           00205         GOTO CLR_1 ;CLEAR IT
                      00206         
004D   1C40           00207         BTFSS ACTIVE1, 0 ;IF pin IS 0, then skip making it ON
004E   2???           00208         GOTO DISABLE1
004F   1406           00209         BSF PORTB, 0 ;ELSE IF IS CLEARED, THEN SET IT
Warning[207]: Found label after column 1. (DISABLE1)
0050                  00210         DISABLE1:
                      00211 
0050   2???           00212         GOTO CONTINUE_1
0051                  00213 T2:
                      00214 
                      00215         
Message[305]: Using default destination of 1 (file).
0051   0BA1           00216         DECFSZ LED2 ;WHEN THE DELAY COUNTER BECOMES ZERO(go to CONTINUE of it's zero)
                      00217 
0052   2???           00218         GOTO T3
                      00219         
0053   1886           00220         BTFSC PORTB, 1 ;THEN IF PB0 IS SET
                      00221 
0054   2???           00222         GOTO CLR_2 ;CLEAR IT
                      00223 
0055   1CC0           00224         BTFSS ACTIVE1, 1 ;IF pin IS 0, then skip making it ON
0056   2???           00225         GOTO DISABLE2
0057   1486           00226         BSF PORTB, 1 ;ELSE IF IS CLEARED, THEN SET IT
Warning[207]: Found label after column 1. (DISABLE2)
0058                  00227         DISABLE2:
                      00228         
0058   2???           00229         GOTO CONTINUE_2
                      00230 
0059                  00231 T3:
                      00232 
                      00233         
Message[305]: Using default destination of 1 (file).
0059   0BA2           00234         DECFSZ LED3 ;WHEN THE DELAY COUNTER BECOMES ZERO(go to CONTINUE of it's zero)
                      00235 
005A   2???           00236         GOTO T4
                      00237         
005B   1906           00238         BTFSC PORTB, 2 ;THEN IF PB0 IS SET
                      00239 
005C   2???           00240         GOTO CLR_3 ;CLEAR IT
                      00241 
005D   1D40           00242         BTFSS ACTIVE1, 2 ;IF pin IS 0, then skip making it ON
005E   2???           00243         GOTO DISABLE3
005F   1506           00244         BSF PORTB, 2 ;ELSE IF IS CLEARED, THEN SET IT
Warning[207]: Found label after column 1. (DISABLE3)
0060                  00245         DISABLE3:
MPASM  5.43                        TIMER0.ASM   5-30-2018  23:30:55         PAGE  6


LOC  OBJECT CODE     LINE SOURCE TEXT
  VALUE

                      00246         
0060   2???           00247         GOTO CONTINUE_3
                      00248 
                      00249 
0061                  00250 T4:
                      00251 
                      00252         
Message[305]: Using default destination of 1 (file).
0061   0BA3           00253         DECFSZ LED4 ;WHEN THE DELAY COUNTER BECOMES ZERO(go to CONTINUE of it's zero)
                      00254 
0062   2???           00255         GOTO T5
                      00256         
0063   1986           00257         BTFSC PORTB, 3 ;THEN IF PB0 IS SET
                      00258 
0064   2???           00259         GOTO CLR_4 ;CLEAR IT
                      00260 
0065   1DC0           00261         BTFSS ACTIVE1, 3 ;IF pin IS 0, then skip making it ON
0066   2???           00262         GOTO DISABLE4
0067   1586           00263         BSF PORTB, 3 ;ELSE IF IS CLEARED, THEN SET IT
Warning[207]: Found label after column 1. (DISABLE4)
0068                  00264         DISABLE4:
                      00265         
0068   2???           00266         GOTO CONTINUE_4
                      00267 
0069                  00268 T5:
                      00269 
                      00270         
Message[305]: Using default destination of 1 (file).
0069   0BA4           00271         DECFSZ LED5 ;WHEN THE DELAY COUNTER BECOMES ZERO(go to CONTINUE of it's zero)
                      00272 
006A   2???           00273         GOTO T6
                      00274         
006B   1A06           00275         BTFSC PORTB, 4 ;THEN IF PB0 IS SET
                      00276 
006C   2???           00277         GOTO CLR_5 ;CLEAR IT
                      00278 
006D   1E40           00279         BTFSS ACTIVE1, 4 ;IF pin IS 0, then skip making it ON
006E   2???           00280         GOTO DISABLE5
006F   1606           00281         BSF PORTB, 4 ;ELSE IF IS CLEARED, THEN SET IT
Warning[207]: Found label after column 1. (DISABLE5)
0070                  00282         DISABLE5:
                      00283         
0070   2???           00284         GOTO CONTINUE_5
                      00285 
0071                  00286 T6:
                      00287 
                      00288         
Message[305]: Using default destination of 1 (file).
0071   0BA5           00289         DECFSZ LED6 ;WHEN THE DELAY COUNTER BECOMES ZERO(go to CONTINUE of it's zero)
                      00290 
0072   2???           00291         GOTO T7
                      00292         
0073   1A86           00293         BTFSC PORTB, 5 ;THEN IF PB0 IS SET
MPASM  5.43                        TIMER0.ASM   5-30-2018  23:30:55         PAGE  7


LOC  OBJECT CODE     LINE SOURCE TEXT
  VALUE

                      00294 
0074   2???           00295         GOTO CLR_6 ;CLEAR IT
                      00296 
0075   1EC0           00297         BTFSS ACTIVE1, 5 ;IF pin IS 0, then skip making it ON
0076   2???           00298         GOTO DISABLE6
0077   1686           00299         BSF PORTB, 5 ;ELSE IF IS CLEARED, THEN SET IT
Warning[207]: Found label after column 1. (DISABLE6)
0078                  00300         DISABLE6:
                      00301         
0078   2???           00302         GOTO CONTINUE_6
                      00303 
                      00304 
0079                  00305 T7:
                      00306 
                      00307         
Message[305]: Using default destination of 1 (file).
0079   0BA6           00308         DECFSZ LED7 ;WHEN THE DELAY COUNTER BECOMES ZERO(go to CONTINUE of it's zero)
                      00309 
007A   2???           00310         GOTO T8
                      00311         
007B   1B06           00312         BTFSC PORTB, 6 ;THEN IF PB0 IS SET
                      00313 
007C   2???           00314         GOTO CLR_7 ;CLEAR IT
                      00315 
007D   1F40           00316         BTFSS ACTIVE1, 6 ;IF pin IS 0, then skip making it ON
007E   2???           00317         GOTO DISABLE7
007F   1706           00318         BSF PORTB, 6 ;ELSE IF IS CLEARED, THEN SET IT
Warning[207]: Found label after column 1. (DISABLE7)
0080                  00319         DISABLE7:
                      00320         
0080   2???           00321         GOTO CONTINUE_7
                      00322 
0081                  00323 T8:
                      00324 
                      00325         
Message[305]: Using default destination of 1 (file).
0081   0BA7           00326         DECFSZ LED8 ;WHEN THE DELAY COUNTER BECOMES ZERO(go to CONTINUE of it's zero)
                      00327 
0082   2???           00328         GOTO T9
                      00329         
0083   1B86           00330         BTFSC PORTB, 7 ;THEN IF PB0 IS SET
                      00331 
0084   2???           00332         GOTO CLR_8 ;CLEAR IT
                      00333 
0085   1FC0           00334         BTFSS ACTIVE1, 7 ;IF pin IS 0, then skip making it ON
0086   2???           00335         GOTO DISABLE8
0087   1786           00336         BSF PORTB, 7 ;ELSE IF IS CLEARED, THEN SET IT
Warning[207]: Found label after column 1. (DISABLE8)
0088                  00337         DISABLE8:
                      00338         
0088   2???           00339         GOTO CONTINUE_8
                      00340 
                      00341 
MPASM  5.43                        TIMER0.ASM   5-30-2018  23:30:55         PAGE  8


LOC  OBJECT CODE     LINE SOURCE TEXT
  VALUE

0089                  00342 T9:
                      00343 
                      00344         
Message[305]: Using default destination of 1 (file).
0089   0BA8           00345         DECFSZ LED9 ;WHEN THE DELAY COUNTER BECOMES ZERO(go to CONTINUE of it's zero)
                      00346 
008A   2???           00347         GOTO T10
                      00348         
008B   1807           00349         BTFSC PORTC, 0 ;THEN IF PB0 IS SET
                      00350 
008C   2???           00351         GOTO CLR_9 ;CLEAR IT
                      00352 
008D   1C41           00353         BTFSS ACTIVE2, 0 ;IF pin IS 0, then skip making it ON
008E   2???           00354         GOTO DISABLE9
008F   1407           00355         BSF PORTC, 0 ;ELSE IF IS CLEARED, THEN SET IT
Warning[207]: Found label after column 1. (DISABLE9)
0090                  00356         DISABLE9:
                      00357         
0090   2???           00358         GOTO CONTINUE_9
                      00359 
0091                  00360 T10:
                      00361 
                      00362         
Message[305]: Using default destination of 1 (file).
0091   0BA9           00363         DECFSZ LED10 ;WHEN THE DELAY COUNTER BECOMES ZERO(go to CONTINUE of it's zero)
                      00364 
0092   2???           00365         GOTO T11
                      00366         
0093   1887           00367         BTFSC PORTC, 1 ;THEN IF PB0 IS SET
                      00368 
0094   2???           00369         GOTO CLR_10 ;CLEAR IT
                      00370 
0095   1CC1           00371         BTFSS ACTIVE2, 1 ;IF pin IS 0, then skip making it ON
0096   2???           00372         GOTO DISABLE10
0097   1487           00373         BSF PORTC, 1 ;ELSE IF IS CLEARED, THEN SET IT
Warning[207]: Found label after column 1. (DISABLE10)
0098                  00374         DISABLE10:
                      00375         
0098   2???           00376         GOTO CONTINUE_10
                      00377 
                      00378 
                      00379 
0099                  00380 T11:
                      00381 
                      00382         
Message[305]: Using default destination of 1 (file).
0099   0BB0           00383         DECFSZ LED11 ;WHEN THE DELAY COUNTER BECOMES ZERO(go to CONTINUE of it's zero)
                      00384 
009A   2???           00385         GOTO T12
                      00386         
009B   1907           00387         BTFSC PORTC, 2 ;THEN IF PB0 IS SET
                      00388 
009C   2???           00389         GOTO CLR_11 ;CLEAR IT
MPASM  5.43                        TIMER0.ASM   5-30-2018  23:30:55         PAGE  9


LOC  OBJECT CODE     LINE SOURCE TEXT
  VALUE

                      00390 
009D   1D41           00391         BTFSS ACTIVE2, 2 ;IF pin IS 0, then skip making it ON
009E   2???           00392         GOTO DISABLE11
009F   1507           00393         BSF PORTC, 2 ;ELSE IF IS CLEARED, THEN SET IT
Warning[207]: Found label after column 1. (DISABLE11)
00A0                  00394         DISABLE11:
                      00395         
00A0   2???           00396         GOTO CONTINUE_11
                      00397 
                      00398 
00A1                  00399 T12:
                      00400 
                      00401         
Message[305]: Using default destination of 1 (file).
00A1   0BB1           00402         DECFSZ LED12 ;WHEN THE DELAY COUNTER BECOMES ZERO(go to CONTINUE of it's zero)
                      00403 
00A2   2???           00404         GOTO T13
                      00405         
00A3   1987           00406         BTFSC PORTC, 3 ;THEN IF PB0 IS SET
                      00407 
00A4   2???           00408         GOTO CLR_12 ;CLEAR IT
                      00409 
00A5   1DC1           00410         BTFSS ACTIVE2, 3 ;IF pin IS 0, then skip making it ON
00A6   2???           00411         GOTO DISABLE12
00A7   1587           00412         BSF PORTC, 3 ;ELSE IF IS CLEARED, THEN SET IT
Warning[207]: Found label after column 1. (DISABLE12)
00A8                  00413         DISABLE12:
                      00414         
00A8   2???           00415         GOTO CONTINUE_12
                      00416 
00A9                  00417 T13:
                      00418 
                      00419         
Message[305]: Using default destination of 1 (file).
00A9   0BB2           00420         DECFSZ LED13 ;WHEN THE DELAY COUNTER BECOMES ZERO(go to CONTINUE of it's zero)
                      00421 
00AA   2???           00422         GOTO T14
                      00423         
00AB   1A07           00424         BTFSC PORTC, 4 ;THEN IF PB0 IS SET
                      00425 
00AC   2???           00426         GOTO CLR_13 ;CLEAR IT
                      00427 
00AD   1E41           00428         BTFSS ACTIVE2, 4 ;IF pin IS 0, then skip making it ON
00AE   2???           00429         GOTO DISABLE13
00AF   1607           00430         BSF PORTC, 4 ;ELSE IF IS CLEARED, THEN SET IT
Warning[207]: Found label after column 1. (DISABLE13)
00B0                  00431         DISABLE13:
                      00432         
00B0   2???           00433         GOTO CONTINUE_13
                      00434 
00B1                  00435 T14:
                      00436 
                      00437         
MPASM  5.43                        TIMER0.ASM   5-30-2018  23:30:55         PAGE 10


LOC  OBJECT CODE     LINE SOURCE TEXT
  VALUE

Message[305]: Using default destination of 1 (file).
00B1   0BB3           00438         DECFSZ LED14 ;WHEN THE DELAY COUNTER BECOMES ZERO(go to CONTINUE of it's zero)
                      00439 
00B2   2???           00440         GOTO T15
                      00441         
00B3   1A87           00442         BTFSC PORTC, 5 ;THEN IF PB0 IS SET
                      00443 
00B4   2???           00444         GOTO CLR_14 ;CLEAR IT
                      00445 
00B5   1EC1           00446         BTFSS ACTIVE2, 5 ;IF pin IS 0, then skip making it ON
00B6   2???           00447         GOTO DISABLE14
00B7   1687           00448         BSF PORTC, 5 ;ELSE IF IS CLEARED, THEN SET IT
Warning[207]: Found label after column 1. (DISABLE14)
00B8                  00449         DISABLE14:
                      00450         
00B8   2???           00451         GOTO CONTINUE_14
                      00452 
                      00453 
00B9                  00454 T15:
                      00455 
                      00456         
Message[305]: Using default destination of 1 (file).
00B9   0BB4           00457         DECFSZ LED15 ;WHEN THE DELAY COUNTER BECOMES ZERO(go to CONTINUE of it's zero)
                      00458 
00BA   2???           00459         GOTO T16
                      00460         
00BB   1B07           00461         BTFSC PORTC, 6 ;THEN IF PB0 IS SET
                      00462 
00BC   2???           00463         GOTO CLR_15 ;CLEAR IT
                      00464 
00BD   1F41           00465         BTFSS ACTIVE2, 6 ;IF pin IS 0, then skip making it ON
00BE   2???           00466         GOTO DISABLE15
00BF   1707           00467         BSF PORTC, 6 ;ELSE IF IS CLEARED, THEN SET IT
Warning[207]: Found label after column 1. (DISABLE15)
00C0                  00468         DISABLE15:
                      00469         
00C0   2???           00470         GOTO CONTINUE_15
                      00471 
                      00472 
00C1                  00473 T16:
                      00474 
                      00475         
Message[305]: Using default destination of 1 (file).
00C1   0BB5           00476         DECFSZ LED16 ;WHEN THE DELAY COUNTER BECOMES ZERO(go to CONTINUE of it's zero)
                      00477 
00C2   2???           00478         GOTO T17
                      00479         
00C3   1B87           00480         BTFSC PORTC, 7 ;THEN IF PB0 IS SET
                      00481 
00C4   2???           00482         GOTO CLR_16 ;CLEAR IT
                      00483 
00C5   1FC1           00484         BTFSS ACTIVE2, 7 ;IF pin IS 0, then skip making it ON
00C6   2???           00485         GOTO DISABLE16
MPASM  5.43                        TIMER0.ASM   5-30-2018  23:30:55         PAGE 11


LOC  OBJECT CODE     LINE SOURCE TEXT
  VALUE

00C7   1787           00486         BSF PORTC, 7 ;ELSE IF IS CLEARED, THEN SET IT
Warning[207]: Found label after column 1. (DISABLE16)
00C8                  00487         DISABLE16:
                      00488         
00C8   2???           00489         GOTO CONTINUE_16
                      00490 
00C9                  00491 T17:
                      00492 
                      00493         
Message[305]: Using default destination of 1 (file).
00C9   0BB6           00494         DECFSZ LED17 ;WHEN THE DELAY COUNTER BECOMES ZERO(go to CONTINUE of it's zero)
                      00495 
00CA   2???           00496         GOTO T18
                      00497         
00CB   1808           00498         BTFSC PORTD, 0 ;THEN IF PB0 IS SET
                      00499 
00CC   2???           00500         GOTO CLR_17 ;CLEAR IT
                      00501 
00CD   1C42           00502         BTFSS ACTIVE3, 0 ;IF pin IS 0, then skip making it ON
00CE   2???           00503         GOTO DISABLE17
00CF   1408           00504         BSF PORTD, 0 ;ELSE IF IS CLEARED, THEN SET IT
Warning[207]: Found label after column 1. (DISABLE17)
00D0                  00505         DISABLE17:
                      00506         
00D0   2???           00507         GOTO CONTINUE_17
                      00508 
                      00509 
00D1                  00510 T18:
                      00511 
                      00512         
Message[305]: Using default destination of 1 (file).
00D1   0BB7           00513         DECFSZ LED18 ;WHEN THE DELAY COUNTER BECOMES ZERO(go to CONTINUE of it's zero)
                      00514 
00D2   2???           00515         GOTO T19
                      00516         
00D3   1888           00517         BTFSC PORTD, 1 ;THEN IF PB0 IS SET
                      00518 
00D4   2???           00519         GOTO CLR_18 ;CLEAR IT
                      00520 
00D5   1CC2           00521         BTFSS ACTIVE3, 1 ;IF pin IS 0, then skip making it ON
00D6   2???           00522         GOTO DISABLE18
00D7   1488           00523         BSF PORTD, 1 ;ELSE IF IS CLEARED, THEN SET IT
Warning[207]: Found label after column 1. (DISABLE18)
00D8                  00524         DISABLE18:
                      00525         
00D8   2???           00526         GOTO CONTINUE_18
                      00527 
00D9                  00528 T19:
                      00529 
                      00530         
Message[305]: Using default destination of 1 (file).
00D9   0BB8           00531         DECFSZ LED19 ;WHEN THE DELAY COUNTER BECOMES ZERO(go to CONTINUE of it's zero)
                      00532 
MPASM  5.43                        TIMER0.ASM   5-30-2018  23:30:55         PAGE 12


LOC  OBJECT CODE     LINE SOURCE TEXT
  VALUE

00DA   2???           00533         GOTO T20
                      00534         
00DB   1908           00535         BTFSC PORTD, 2 ;THEN IF PB0 IS SET
                      00536 
00DC   2???           00537         GOTO CLR_19 ;CLEAR IT
                      00538 
00DD   1D42           00539         BTFSS ACTIVE3, 2 ;IF pin IS 0, then skip making it ON
00DE   2???           00540         GOTO DISABLE19
00DF   1508           00541         BSF PORTD, 2 ;ELSE IF IS CLEARED, THEN SET IT
Warning[207]: Found label after column 1. (DISABLE19)
00E0                  00542         DISABLE19:
                      00543         
00E0   2???           00544         GOTO CONTINUE_19
                      00545 
00E1                  00546 T20:
                      00547 
                      00548         
Message[305]: Using default destination of 1 (file).
00E1   0BB9           00549         DECFSZ LED20 ;WHEN THE DELAY COUNTER BECOMES ZERO(go to CONTINUE of it's zero)
                      00550 
00E2   2???           00551         GOTO T21
                      00552         
00E3   1988           00553         BTFSC PORTD, 3 ;THEN IF PB0 IS SET
                      00554 
00E4   2???           00555         GOTO CLR_20 ;CLEAR IT
                      00556 
00E5   1DC2           00557         BTFSS ACTIVE3, 3 ;IF pin IS 0, then skip making it ON
00E6   2???           00558         GOTO DISABLE20
00E7   1588           00559         BSF PORTD, 3 ;ELSE IF IS CLEARED, THEN SET IT
Warning[207]: Found label after column 1. (DISABLE20)
00E8                  00560         DISABLE20:
                      00561         
00E8   2???           00562         GOTO CONTINUE_20
00E9                  00563 T21:
                      00564 
                      00565 
                      00566 
00E9   2???           00567         GOTO CONTINUE
                      00568         
                      00569 
                      00570 
                      00571 ;; Counter 1 --------------------------------
00EA                  00572 CLR_1:
                      00573 
00EA   1006           00574         BCF PORTB, 0
                      00575 
00EB                  00576 CONTINUE_1:
                      00577 
00EB   3001           00578         MOVLW 0x01 ;RESET THE DELAY COUNTER
                      00579 
00EC   00A0           00580         MOVWF LED1
00ED   2???           00581         GOTO T2
                      00582 ;--------------------------------------------
MPASM  5.43                        TIMER0.ASM   5-30-2018  23:30:55         PAGE 13


LOC  OBJECT CODE     LINE SOURCE TEXT
  VALUE

                      00583 
                      00584 
                      00585 ;; Counter 2 --------------------------------
00EE                  00586 CLR_2:
                      00587 
00EE   1086           00588         BCF PORTB, 1
                      00589 
00EF                  00590 CONTINUE_2:
                      00591 
00EF   3002           00592         MOVLW 0x02 ;RESET THE DELAY COUNTER
                      00593 
00F0   00A1           00594         MOVWF LED2
00F1   2???           00595         GOTO T3
                      00596 ;--------------------------------------------
                      00597 
                      00598 ;; Counter 3 --------------------------------
00F2                  00599 CLR_3:
                      00600 
00F2   1106           00601         BCF PORTB, 2
                      00602 
00F3                  00603 CONTINUE_3:
                      00604 
00F3   3003           00605         MOVLW 0x03 ;RESET THE DELAY COUNTER
                      00606 
00F4   00A2           00607         MOVWF LED3
00F5   2???           00608         GOTO T4
                      00609 ;--------------------------------------------
                      00610 
                      00611 ;; Counter 4 --------------------------------
00F6                  00612 CLR_4:
                      00613 
00F6   1186           00614         BCF PORTB, 3
                      00615 
00F7                  00616 CONTINUE_4:
                      00617 
00F7   3004           00618         MOVLW 0x04 ;RESET THE DELAY COUNTER
                      00619 
00F8   00A3           00620         MOVWF LED4
00F9   2???           00621         GOTO T5
                      00622 ;--------------------------------------------
                      00623 
                      00624 ;; Counter 5 --------------------------------
00FA                  00625 CLR_5:
                      00626 
00FA   1206           00627         BCF PORTB, 4
                      00628 
00FB                  00629 CONTINUE_5:
                      00630 
00FB   3005           00631         MOVLW 0x05 ;RESET THE DELAY COUNTER
                      00632 
00FC   00A4           00633         MOVWF LED5
00FD   2???           00634         GOTO T6
                      00635 ;--------------------------------------------
MPASM  5.43                        TIMER0.ASM   5-30-2018  23:30:55         PAGE 14


LOC  OBJECT CODE     LINE SOURCE TEXT
  VALUE

                      00636 
                      00637 ;; Counter 6 --------------------------------
00FE                  00638 CLR_6:
                      00639 
00FE   1286           00640         BCF PORTB, 5
                      00641 
00FF                  00642 CONTINUE_6:
                      00643 
00FF   3006           00644         MOVLW 0x06 ;RESET THE DELAY COUNTER
                      00645 
0100   00A5           00646         MOVWF LED6
0101   2???           00647         GOTO T7
                      00648 ;--------------------------------------------
                      00649 
                      00650 ;; Counter 7 --------------------------------
0102                  00651 CLR_7:
                      00652 
0102   1306           00653         BCF PORTB, 6
                      00654 
0103                  00655 CONTINUE_7:
                      00656 
0103   3007           00657         MOVLW 0x07 ;RESET THE DELAY COUNTER
                      00658 
0104   00A6           00659         MOVWF LED7
0105   2???           00660         GOTO T7
                      00661 ;--------------------------------------------
                      00662 
                      00663 ;; Counter 8 --------------------------------
0106                  00664 CLR_8:
                      00665 
0106   1386           00666         BCF PORTB, 7
                      00667 
0107                  00668 CONTINUE_8:
                      00669 
0107   3008           00670         MOVLW 0x08 ;RESET THE DELAY COUNTER
                      00671 
0108   00A7           00672         MOVWF LED8
0109   2???           00673         GOTO T9
                      00674 ;--------------------------------------------
                      00675 
                      00676 ;; Counter 9 --------------------------------
010A                  00677 CLR_9:
                      00678 
010A   1007           00679         BCF PORTC, 0
                      00680 
010B                  00681 CONTINUE_9:
                      00682 
010B   3009           00683         MOVLW 0x09 ;RESET THE DELAY COUNTER
                      00684 
010C   00A8           00685         MOVWF LED9
010D   2???           00686         GOTO T10
                      00687 ;--------------------------------------------
                      00688 
MPASM  5.43                        TIMER0.ASM   5-30-2018  23:30:55         PAGE 15


LOC  OBJECT CODE     LINE SOURCE TEXT
  VALUE

                      00689 ;; Counter 10 --------------------------------
010E                  00690 CLR_10:
                      00691 
010E   1087           00692         BCF PORTC, 1
                      00693 
010F                  00694 CONTINUE_10:
                      00695 
010F   300A           00696         MOVLW 0x0a ;RESET THE DELAY COUNTER
                      00697 
0110   00A9           00698         MOVWF LED10
0111   2???           00699         GOTO T11
                      00700 ;--------------------------------------------
                      00701 
                      00702 ;; Counter 11 --------------------------------
0112                  00703 CLR_11:
                      00704 
0112   1107           00705         BCF PORTC, 2
                      00706 
0113                  00707 CONTINUE_11:
                      00708 
0113   300B           00709         MOVLW 0x0b ;RESET THE DELAY COUNTER
                      00710 
0114   00B0           00711         MOVWF LED11
0115   2???           00712         GOTO T12
                      00713 ;--------------------------------------------
                      00714 
                      00715 ;; Counter 12 --------------------------------
0116                  00716 CLR_12:
                      00717 
0116   1186           00718         BCF PORTB, 3
                      00719 
0117                  00720 CONTINUE_12:
                      00721 
0117   3012           00722         MOVLW 0x012 ;RESET THE DELAY COUNTER
                      00723 
0118   00B1           00724         MOVWF LED12
0119   2???           00725         GOTO T13
                      00726 ;--------------------------------------------
                      00727 
                      00728 ;; Counter 13 --------------------------------
011A                  00729 CLR_13:
                      00730 
011A   1207           00731         BCF PORTC, 4
                      00732 
011B                  00733 CONTINUE_13:
                      00734 
011B   300C           00735         MOVLW 0x0c ;RESET THE DELAY COUNTER
                      00736 
011C   00B2           00737         MOVWF LED13
011D   2???           00738         GOTO T14
                      00739 ;--------------------------------------------
                      00740 
                      00741 ;; Counter 14 --------------------------------
MPASM  5.43                        TIMER0.ASM   5-30-2018  23:30:55         PAGE 16


LOC  OBJECT CODE     LINE SOURCE TEXT
  VALUE

011E                  00742 CLR_14:
                      00743 
011E   1287           00744         BCF PORTC, 5
                      00745 
011F                  00746 CONTINUE_14:
                      00747 
011F   300D           00748         MOVLW 0x0d ;RESET THE DELAY COUNTER
                      00749 
0120   00B3           00750         MOVWF LED14
0121   2???           00751         GOTO T15
                      00752 ;--------------------------------------------
                      00753 
                      00754 ;; Counter 15 --------------------------------
0122                  00755 CLR_15:
                      00756 
0122   1307           00757         BCF PORTC, 6
                      00758 
0123                  00759 CONTINUE_15:
                      00760 
0123   300F           00761         MOVLW 0x0f ;RESET THE DELAY COUNTER
                      00762 
0124   00B4           00763         MOVWF LED15
0125   2???           00764         GOTO T16
                      00765 ;--------------------------------------------
                      00766 
                      00767 ;; Counter 16 --------------------------------
0126                  00768 CLR_16:
                      00769 
0126   1387           00770         BCF PORTC, 7
                      00771 
0127                  00772 CONTINUE_16:
                      00773 
0127   3010           00774         MOVLW 0x10 ;RESET THE DELAY COUNTER
                      00775 
0128   00B5           00776         MOVWF LED16
0129   2???           00777         GOTO T17
                      00778 ;--------------------------------------------
                      00779 
                      00780 ;; Counter 17 --------------------------------
012A                  00781 CLR_17:
                      00782 
012A   1008           00783         BCF PORTD, 0
                      00784 
012B                  00785 CONTINUE_17:
                      00786 
012B   3011           00787         MOVLW 0x11 ;RESET THE DELAY COUNTER
                      00788 
012C   00B6           00789         MOVWF LED17
012D   2???           00790         GOTO T18
                      00791 ;--------------------------------------------
                      00792 
                      00793 ;; Counter 18 --------------------------------
012E                  00794 CLR_18:
MPASM  5.43                        TIMER0.ASM   5-30-2018  23:30:55         PAGE 17


LOC  OBJECT CODE     LINE SOURCE TEXT
  VALUE

                      00795 
012E   1088           00796         BCF PORTD, 1
                      00797 
012F                  00798 CONTINUE_18:
                      00799 
012F   3012           00800         MOVLW 0x12 ;RESET THE DELAY COUNTER
                      00801 
0130   00B7           00802         MOVWF LED18
0131   2???           00803         GOTO T19
                      00804 ;--------------------------------------------
                      00805 
                      00806 ;; Counter 19 --------------------------------
0132                  00807 CLR_19:
                      00808 
0132   1108           00809         BCF PORTD, 2
                      00810 
0133                  00811 CONTINUE_19:
                      00812 
0133   3013           00813         MOVLW 0x13 ;RESET THE DELAY COUNTER
                      00814 
0134   00B8           00815         MOVWF LED19
0135   2???           00816         GOTO T20
                      00817 ;--------------------------------------------
                      00818 
                      00819 ;; Counter 20 --------------------------------
0136                  00820 CLR_20:
                      00821 
0136   1188           00822         BCF PORTD, 3
                      00823 
0137                  00824 CONTINUE_20:
                      00825 
0137   3014           00826         MOVLW 0x14 ;RESET THE DELAY COUNTER
                      00827 
0138   00B9           00828         MOVWF LED20
0139   2???           00829         GOTO T21
                      00830 ;--------------------------------------------
                      00831 
                      00832 
                      00833 
                      00834 
                      00835 
                      00836 
                      00837 
013A                  00838 CONTINUE:
                      00839 
013A   178B           00840         BSF INTCON, GIE ;RENABLE THE INTERUPTS
                      00841 
013B   0009           00842         RETFIE
                      00843 
                      00844         
                      00845 
3F39                  00846         END
MPASM  5.43                        TIMER0.ASM   5-30-2018  23:30:55         PAGE 18


SYMBOL TABLE
  LABEL                             VALUE 

ACKDT                             00000005
ACKEN                             00000004
ACKSTAT                           00000006
ACTIVE1                           00000040
ACTIVE2                           00000041
ACTIVE3                           00000042
ADCON0                            0000001F
ADCON1                            0000009F
ADCS0                             00000006
ADCS1                             00000007
ADCS2                             00000006
ADDEN                             00000003
ADFM                              00000007
ADIE                              00000006
ADIF                              00000006
ADON                              00000000
ADRESH                            0000001E
ADRESL                            0000009E
BCLIE                             00000003
BCLIF                             00000003
BF                                00000000
BRGH                              00000002
C                                 00000000
C1INV                             00000004
C1OUT                             00000006
C2INV                             00000005
C2OUT                             00000007
CCP1CON                           00000017
CCP1IE                            00000002
CCP1IF                            00000002
CCP1M0                            00000000
CCP1M1                            00000001
CCP1M2                            00000002
CCP1M3                            00000003
CCP1X                             00000005
CCP1Y                             00000004
CCP2CON                           0000001D
CCP2IE                            00000000
CCP2IF                            00000000
CCP2M0                            00000000
CCP2M1                            00000001
CCP2M2                            00000002
CCP2M3                            00000003
CCP2X                             00000005
CCP2Y                             00000004
CCPR1                             00000015
CCPR1H                            00000016
CCPR1L                            00000015
CCPR2                             0000001B
CCPR2H                            0000001C
CCPR2L                            0000001B
CHS0                              00000003
CHS1                              00000004
MPASM  5.43                        TIMER0.ASM   5-30-2018  23:30:55         PAGE 19


SYMBOL TABLE
  LABEL                             VALUE 

CHS2                              00000005
CIS                               00000003
CKE                               00000006
CKP                               00000004
CLR_1                             000000EA
CLR_10                            0000010E
CLR_11                            00000112
CLR_12                            00000116
CLR_13                            0000011A
CLR_14                            0000011E
CLR_15                            00000122
CLR_16                            00000126
CLR_17                            0000012A
CLR_18                            0000012E
CLR_19                            00000132
CLR_2                             000000EE
CLR_20                            00000136
CLR_3                             000000F2
CLR_4                             000000F6
CLR_5                             000000FA
CLR_6                             000000FE
CLR_7                             00000102
CLR_8                             00000106
CLR_9                             0000010A
CM0                               00000000
CM1                               00000001
CM2                               00000002
CMCON                             0000009C
CMIE                              00000006
CMIF                              00000006
CONTINUE                          0000013A
CONTINUE_1                        000000EB
CONTINUE_10                       0000010F
CONTINUE_11                       00000113
CONTINUE_12                       00000117
CONTINUE_13                       0000011B
CONTINUE_14                       0000011F
CONTINUE_15                       00000123
CONTINUE_16                       00000127
CONTINUE_17                       0000012B
CONTINUE_18                       0000012F
CONTINUE_19                       00000133
CONTINUE_2                        000000EF
CONTINUE_20                       00000137
CONTINUE_3                        000000F3
CONTINUE_4                        000000F7
CONTINUE_5                        000000FB
CONTINUE_6                        000000FF
CONTINUE_7                        00000103
CONTINUE_8                        00000107
CONTINUE_9                        0000010B
CREN                              00000004
CSRC                              00000007
MPASM  5.43                        TIMER0.ASM   5-30-2018  23:30:55         PAGE 20


SYMBOL TABLE
  LABEL                             VALUE 

CVR0                              00000000
CVR1                              00000001
CVR2                              00000002
CVR3                              00000003
CVRCON                            0000009D
CVREN                             00000007
CVROE                             00000006
CVRR                              00000005
D                                 00000005
DATA_ADDRESS                      00000005
DC                                00000001
DISABLE1                          00000050
DISABLE10                         00000098
DISABLE11                         000000A0
DISABLE12                         000000A8
DISABLE13                         000000B0
DISABLE14                         000000B8
DISABLE15                         000000C0
DISABLE16                         000000C8
DISABLE17                         000000D0
DISABLE18                         000000D8
DISABLE19                         000000E0
DISABLE2                          00000058
DISABLE20                         000000E8
DISABLE3                          00000060
DISABLE4                          00000068
DISABLE5                          00000070
DISABLE6                          00000078
DISABLE7                          00000080
DISABLE8                          00000088
DISABLE9                          00000090
D_A                               00000005
D_NOT_A                           00000005
EEADR                             0000010D
EEADRH                            0000010F
EECON1                            0000018C
EECON2                            0000018D
EEDATA                            0000010C
EEDATH                            0000010E
EEIE                              00000004
EEIF                              00000004
EEPGD                             00000007
F                                 00000001
FERR                              00000002
FSR                               00000004
GCEN                              00000007
GIE                               00000007
GO                                00000002
GO_DONE                           00000002
GO_NOT_DONE                       00000002
I2C_DATA                          00000005
I2C_READ                          00000002
I2C_START                         00000003
MPASM  5.43                        TIMER0.ASM   5-30-2018  23:30:55         PAGE 21


SYMBOL TABLE
  LABEL                             VALUE 

I2C_STOP                          00000004
IBF                               00000007
IBOV                              00000005
INDF                              00000000
INIT                              00000005
INTCON                            0000000B
INTE                              00000004
INTEDG                            00000006
INTF                              00000001
IRP                               00000007
LED1                              00000020
LED10                             00000029
LED11                             00000030
LED12                             00000031
LED13                             00000032
LED14                             00000033
LED15                             00000034
LED16                             00000035
LED17                             00000036
LED18                             00000037
LED19                             00000038
LED2                              00000021
LED20                             00000039
LED3                              00000022
LED4                              00000023
LED5                              00000024
LED6                              00000025
LED7                              00000026
LED8                              00000027
LED9                              00000028
MAIN                              00000046
NOT_A                             00000005
NOT_ADDRESS                       00000005
NOT_BO                            00000000
NOT_BOR                           00000000
NOT_DONE                          00000002
NOT_PD                            00000003
NOT_POR                           00000001
NOT_RBPU                          00000007
NOT_RC8                           00000006
NOT_T1SYNC                        00000002
NOT_TO                            00000004
NOT_TX8                           00000006
NOT_W                             00000002
NOT_WRITE                         00000002
OBF                               00000006
OERR                              00000001
OPTION_REG                        00000081
P                                 00000004
PCFG0                             00000000
PCFG1                             00000001
PCFG2                             00000002
PCFG3                             00000003
MPASM  5.43                        TIMER0.ASM   5-30-2018  23:30:55         PAGE 22


SYMBOL TABLE
  LABEL                             VALUE 

PCL                               00000002
PCLATH                            0000000A
PCON                              0000008E
PEIE                              00000006
PEN                               00000002
PIE1                              0000008C
PIE2                              0000008D
PIR1                              0000000C
PIR2                              0000000D
PORTA                             00000005
PORTB                             00000006
PORTC                             00000007
PORTD                             00000008
PORTE                             00000009
PR2                               00000092
PS0                               00000000
PS1                               00000001
PS2                               00000002
PSA                               00000003
PSPIE                             00000007
PSPIF                             00000007
PSPMODE                           00000004
R                                 00000002
RA0                               00000000
RA1                               00000001
RA2                               00000002
RA3                               00000003
RA4                               00000004
RA5                               00000005
RB0                               00000000
RB1                               00000001
RB2                               00000002
RB3                               00000003
RB4                               00000004
RB5                               00000005
RB6                               00000006
RB7                               00000007
RBIE                              00000003
RBIF                              00000000
RC0                               00000000
RC1                               00000001
RC2                               00000002
RC3                               00000003
RC4                               00000004
RC5                               00000005
RC6                               00000006
RC7                               00000007
RC8_9                             00000006
RC9                               00000006
RCD8                              00000000
RCEN                              00000003
RCIE                              00000005
RCIF                              00000005
MPASM  5.43                        TIMER0.ASM   5-30-2018  23:30:55         PAGE 23


SYMBOL TABLE
  LABEL                             VALUE 

RCREG                             0000001A
RCSTA                             00000018
RD                                00000000
RD0                               00000000
RD1                               00000001
RD2                               00000002
RD3                               00000003
RD4                               00000004
RD5                               00000005
RD6                               00000006
RD7                               00000007
RE0                               00000000
RE1                               00000001
RE2                               00000002
READ_WRITE                        00000002
RP0                               00000005
RP1                               00000006
RSEN                              00000001
RX9                               00000006
RX9D                              00000000
R_NOT_W                           00000002
R_W                               00000002
S                                 00000003
SEN                               00000000
SMP                               00000007
SPBRG                             00000099
SPEN                              00000007
SREN                              00000005
SSPADD                            00000093
SSPBUF                            00000013
SSPCON                            00000014
SSPCON2                           00000091
SSPEN                             00000005
SSPIE                             00000003
SSPIF                             00000003
SSPM0                             00000000
SSPM1                             00000001
SSPM2                             00000002
SSPM3                             00000003
SSPOV                             00000006
SSPSTAT                           00000094
STATUS                            00000003
SYNC                              00000004
T0CS                              00000005
T0IE                              00000005
T0IF                              00000002
T0SE                              00000004
T1                                00000049
T10                               00000091
T11                               00000099
T12                               000000A1
T13                               000000A9
T14                               000000B1
MPASM  5.43                        TIMER0.ASM   5-30-2018  23:30:55         PAGE 24


SYMBOL TABLE
  LABEL                             VALUE 

T15                               000000B9
T16                               000000C1
T17                               000000C9
T18                               000000D1
T19                               000000D9
T1CKPS0                           00000004
T1CKPS1                           00000005
T1CON                             00000010
T1INSYNC                          00000002
T1OSCEN                           00000003
T1SYNC                            00000002
T2                                00000051
T20                               000000E1
T21                               000000E9
T2CKPS0                           00000000
T2CKPS1                           00000001
T2CON                             00000012
T3                                00000059
T4                                00000061
T5                                00000069
T6                                00000071
T7                                00000079
T8                                00000081
T9                                00000089
TMR0                              00000001
TMR0IE                            00000005
TMR0IF                            00000002
TMR1CS                            00000001
TMR1H                             0000000F
TMR1IE                            00000000
TMR1IF                            00000000
TMR1L                             0000000E
TMR1ON                            00000000
TMR2                              00000011
TMR2IE                            00000001
TMR2IF                            00000001
TMR2ON                            00000002
TMR_CNT                           00000047
TOUTPS0                           00000003
TOUTPS1                           00000004
TOUTPS2                           00000005
TOUTPS3                           00000006
TRISA                             00000085
TRISA0                            00000000
TRISA1                            00000001
TRISA2                            00000002
TRISA3                            00000003
TRISA4                            00000004
TRISA5                            00000005
TRISB                             00000086
TRISB0                            00000000
TRISB1                            00000001
TRISB2                            00000002
MPASM  5.43                        TIMER0.ASM   5-30-2018  23:30:55         PAGE 25


SYMBOL TABLE
  LABEL                             VALUE 

TRISB3                            00000003
TRISB4                            00000004
TRISB5                            00000005
TRISB6                            00000006
TRISB7                            00000007
TRISC                             00000087
TRISC0                            00000000
TRISC1                            00000001
TRISC2                            00000002
TRISC3                            00000003
TRISC4                            00000004
TRISC5                            00000005
TRISC6                            00000006
TRISC7                            00000007
TRISD                             00000088
TRISD0                            00000000
TRISD1                            00000001
TRISD2                            00000002
TRISD3                            00000003
TRISD4                            00000004
TRISD5                            00000005
TRISD6                            00000006
TRISD7                            00000007
TRISE                             00000089
TRISE0                            00000000
TRISE1                            00000001
TRISE2                            00000002
TRMT                              00000001
TX8_9                             00000006
TX9                               00000006
TX9D                              00000000
TXD8                              00000000
TXEN                              00000005
TXIE                              00000004
TXIF                              00000004
TXREG                             00000019
TXSTA                             00000098
UA                                00000001
W                                 00000000
WCOL                              00000007
WR                                00000001
WREN                              00000002
WRERR                             00000003
Z                                 00000002
_.org_1_0046                      00000046
_BODEN_OFF                        00003FBF
_BODEN_ON                         00003FFF
_BOREN_OFF                        00003FBF
_BOREN_ON                         00003FFF
_CONFIG                           00002007
_CPD_OFF                          00003FFF
_CPD_ON                           00003EFF
_CP_ALL                           00001FFF
MPASM  5.43                        TIMER0.ASM   5-30-2018  23:30:55         PAGE 26


SYMBOL TABLE
  LABEL                             VALUE 

_CP_OFF                           00003FFF
_CP_ON                            00001FFF
_DEBUG_OFF                        00003FFF
_DEBUG_ON                         000037FF
_DEVID1                           00002006
_FOSC_EXTRC                       00003FFF
_FOSC_HS                          00003FFE
_FOSC_LP                          00003FFC
_FOSC_XT                          00003FFD
_HS_OSC                           00003FFE
_IDLOC0                           00002000
_IDLOC1                           00002001
_IDLOC2                           00002002
_IDLOC3                           00002003
_LP_OSC                           00003FFC
_LVP_OFF                          00003F7F
_LVP_ON                           00003FFF
_PWRTE_OFF                        00003FFF
_PWRTE_ON                         00003FF7
_RC_OSC                           00003FFF
_WDTE_OFF                         00003FFB
_WDTE_ON                          00003FFF
_WDT_OFF                          00003FFB
_WDT_ON                           00003FFF
_WRT_1FOURTH                      00003BFF
_WRT_256                          00003DFF
_WRT_HALF                         000039FF
_WRT_OFF                          00003FFF
_XT_OSC                           00003FFD
__16F877A                         00000001
__DEBUG                           1

Errors   :     0
Warnings :    21 reported,     0 suppressed
Messages :    24 reported,     0 suppressed

